INFO:root:Afghanistan skipped! Reason: cannot convert float NaN to integer. Agriculture value: 5603. Domestic food price value: [nan]
INFO:root:Argentina skipped! Reason: cannot convert float NaN to integer. Agriculture value: 64375. Domestic food price value: [nan]
INFO:root:Azerbaijan skipped! Reason: cannot convert float NaN to integer. Agriculture value: 4247. Domestic food price value: [nan]
INFO:root:Central African Republic skipped! Reason: cannot convert float NaN to integer. Agriculture value: 1429. Domestic food price value: [nan]
INFO:root:China, Hong Kong SAR skipped! Reason: only size-1 arrays can be converted to Python scalars. Agriculture value: 101. Domestic food price value: []
INFO:root:China, Macao SAR skipped! Reason: only size-1 arrays can be converted to Python scalars. Agriculture value: 4. Domestic food price value: []
INFO:root:China, mainland skipped! Reason: only size-1 arrays can be converted to Python scalars. Agriculture value: 816156. Domestic food price value: []
INFO:root:China, Taiwan Province of skipped! Reason: only size-1 arrays can be converted to Python scalars. Agriculture value: 6974. Domestic food price value: []
INFO:root:Comoros skipped! Reason: cannot convert float NaN to integer. Agriculture value: 96. Domestic food price value: [nan]
INFO:root:Cook Islands skipped! Reason: only size-1 arrays can be converted to Python scalars. Agriculture value: 3. Domestic food price value: []
INFO:root:Côte d'Ivoire skipped! Reason: only size-1 arrays can be converted to Python scalars. Agriculture value: 9134. Domestic food price value: []
INFO:root:Cuba skipped! Reason: cannot convert float NaN to integer. Agriculture value: 4562. Domestic food price value: [nan]
INFO:root:Czechia skipped! Reason: only size-1 arrays can be converted to Python scalars. Agriculture value: 5374. Domestic food price value: []
INFO:root:Democratic People's Republic of Korea skipped! Reason: only size-1 arrays can be converted to Python scalars. Agriculture value: 5671. Domestic food price value: []
INFO:root:Democratic Republic of the Congo skipped! Reason: only size-1 arrays can be converted to Python scalars. Agriculture value: 9953. Domestic food price value: []
INFO:root:Djibouti skipped! Reason: cannot convert float NaN to integer. Agriculture value: 75. Domestic food price value: [nan]
INFO:root:Dominica skipped! Reason: cannot convert float NaN to integer. Agriculture value: 46. Domestic food price value: [nan]
INFO:root:Equatorial Guinea skipped! Reason: cannot convert float NaN to integer. Agriculture value: 78. Domestic food price value: [nan]
INFO:root:Eritrea skipped! Reason: cannot convert float NaN to integer. Agriculture value: 393. Domestic food price value: [nan]
INFO:root:Eswatini skipped! Reason: only size-1 arrays can be converted to Python scalars. Agriculture value: 462. Domestic food price value: []
INFO:root:Faroe Islands skipped! Reason: only size-1 arrays can be converted to Python scalars. Agriculture value: 3. Domestic food price value: []
INFO:root:French Polynesia skipped! Reason: only size-1 arrays can be converted to Python scalars. Agriculture value: 32. Domestic food price value: []
INFO:root:Georgia skipped! Reason: cannot convert float NaN to integer. Agriculture value: 1293. Domestic food price value: [nan]
INFO:root:Guinea-Bissau skipped! Reason: cannot convert float NaN to integer. Agriculture value: 453. Domestic food price value: [nan]
INFO:root:Guyana skipped! Reason: cannot convert float NaN to integer. Agriculture value: 590. Domestic food price value: [nan]
INFO:root:Kazakhstan skipped! Reason: cannot convert float NaN to integer. Agriculture value: 13741. Domestic food price value: [nan]
INFO:root:Kiribati skipped! Reason: cannot convert float NaN to integer. Agriculture value: 39. Domestic food price value: [nan]
INFO:root:Kyrgyzstan skipped! Reason: cannot convert float NaN to integer. Agriculture value: 2927. Domestic food price value: [nan]
INFO:root:Lebanon skipped! Reason: cannot convert float NaN to integer. Agriculture value: 1660. Domestic food price value: [nan]
INFO:root:Liberia skipped! Reason: cannot convert float NaN to integer. Agriculture value: 552. Domestic food price value: [nan]
INFO:root:Libya skipped! Reason: cannot convert float NaN to integer. Agriculture value: 1923. Domestic food price value: [nan]
INFO:root:Marshall Islands skipped! Reason: cannot convert float NaN to integer. Agriculture value: 4. Domestic food price value: [nan]
INFO:root:Micronesia (Federated States of) skipped! Reason: cannot convert float NaN to integer. Agriculture value: 13. Domestic food price value: [nan]
INFO:root:Nauru skipped! Reason: only size-1 arrays can be converted to Python scalars. Agriculture value: 1. Domestic food price value: []
INFO:root:New Caledonia skipped! Reason: only size-1 arrays can be converted to Python scalars. Agriculture value: 33. Domestic food price value: []
INFO:root:Niue skipped! Reason: only size-1 arrays can be converted to Python scalars. Agriculture value: 2. Domestic food price value: []
INFO:root:North Macedonia skipped! Reason: only size-1 arrays can be converted to Python scalars. Agriculture value: 1224. Domestic food price value: []
INFO:root:Palestine skipped! Reason: only size-1 arrays can be converted to Python scalars. Agriculture value: 796. Domestic food price value: []
INFO:root:Papua New Guinea skipped! Reason: cannot convert float NaN to integer. Agriculture value: 3532. Domestic food price value: [nan]
INFO:root:Puerto Rico skipped! Reason: only size-1 arrays can be converted to Python scalars. Agriculture value: 419. Domestic food price value: []
INFO:root:Republic of Korea skipped! Reason: only size-1 arrays can be converted to Python scalars. Agriculture value: 15092. Domestic food price value: []
INFO:root:Republic of Moldova skipped! Reason: only size-1 arrays can be converted to Python scalars. Agriculture value: 2431. Domestic food price value: []
INFO:root:Samoa skipped! Reason: cannot convert float NaN to integer. Agriculture value: 78. Domestic food price value: [nan]
INFO:root:Solomon Islands skipped! Reason: cannot convert float NaN to integer. Agriculture value: 124. Domestic food price value: [nan]
INFO:root:Somalia skipped! Reason: only size-1 arrays can be converted to Python scalars. Agriculture value: 2571. Domestic food price value: []
INFO:root:South Sudan skipped! Reason: cannot convert float NaN to integer. Agriculture value: 4115. Domestic food price value: [nan]
INFO:root:Sudan skipped! Reason: cannot convert float NaN to integer. Agriculture value: 12766. Domestic food price value: [nan]
INFO:root:Syrian Arab Republic skipped! Reason: cannot convert float NaN to integer. Agriculture value: 8186. Domestic food price value: [nan]
INFO:root:Tajikistan skipped! Reason: cannot convert float NaN to integer. Agriculture value: 2886. Domestic food price value: [nan]
INFO:root:Timor-Leste skipped! Reason: cannot convert float NaN to integer. Agriculture value: 198. Domestic food price value: [nan]
INFO:root:Tokelau skipped! Reason: only size-1 arrays can be converted to Python scalars. Agriculture value: 0. Domestic food price value: []
INFO:root:Tonga skipped! Reason: cannot convert float NaN to integer. Agriculture value: 46. Domestic food price value: [nan]
INFO:root:Turkmenistan skipped! Reason: cannot convert float NaN to integer. Agriculture value: 4115. Domestic food price value: [nan]
INFO:root:Tuvalu skipped! Reason: cannot convert float NaN to integer. Agriculture value: 1. Domestic food price value: [nan]
INFO:root:United Arab Emirates skipped! Reason: cannot convert float NaN to integer. Agriculture value: 801. Domestic food price value: [nan]
INFO:root:United Kingdom of Great Britain and Northern Ireland skipped! Reason: only size-1 arrays can be converted to Python scalars. Agriculture value: 25883. Domestic food price value: []
INFO:root:United Republic of Tanzania skipped! Reason: only size-1 arrays can be converted to Python scalars. Agriculture value: 15204. Domestic food price value: []
INFO:root:United States of America skipped! Reason: only size-1 arrays can be converted to Python scalars. Agriculture value: 346140. Domestic food price value: []
INFO:root:Uzbekistan skipped! Reason: cannot convert float NaN to integer. Agriculture value: 20048. Domestic food price value: [nan]
INFO:root:Vanuatu skipped! Reason: cannot convert float NaN to integer. Agriculture value: 118. Domestic food price value: [nan]
INFO:root:Viet Nam skipped! Reason: cannot convert float NaN to integer. Agriculture value: 45062. Domestic food price value: [nan]
INFO:root:Zimbabwe skipped! Reason: cannot convert float NaN to integer. Agriculture value: 2382. Domestic food price value: [nan]
